2014-07-16 08:27:01 Error: [MissingActionException] Action AppController::index() could not be found.
Exception Attributes: array (
  'controller' => 'AppController',
  'action' => 'index',
)
Request URL: /workbench/mijoe/cake/app/
Stack Trace:
#0 /var/www/html/workbench/mijoe/cake/lib/Cake/Routing/Dispatcher.php(191): Controller->invokeAction(Object(CakeRequest))
#1 /var/www/html/workbench/mijoe/cake/lib/Cake/Routing/Dispatcher.php(165): Dispatcher->_invoke(Object(AppController), Object(CakeRequest))
#2 /var/www/html/workbench/mijoe/cake/app/webroot/index.php(108): Dispatcher->dispatch(Object(CakeRequest), Object(CakeResponse))
#3 {main}
2014-07-16 08:27:09 Error: [MissingActionException] Action AppController::webroot() could not be found.
Exception Attributes: array (
  'controller' => 'AppController',
  'action' => 'webroot',
)
Request URL: /workbench/mijoe/cake/app/webroot/
Stack Trace:
#0 /var/www/html/workbench/mijoe/cake/lib/Cake/Routing/Dispatcher.php(191): Controller->invokeAction(Object(CakeRequest))
#1 /var/www/html/workbench/mijoe/cake/lib/Cake/Routing/Dispatcher.php(165): Dispatcher->_invoke(Object(AppController), Object(CakeRequest))
#2 /var/www/html/workbench/mijoe/cake/app/webroot/index.php(108): Dispatcher->dispatch(Object(CakeRequest), Object(CakeResponse))
#3 {main}
2014-07-16 08:27:28 Error: [MissingActionException] Action AppController::webroot() could not be found.
Exception Attributes: array (
  'controller' => 'AppController',
  'action' => 'webroot',
)
Request URL: /workbench/mijoe/cake/app/webroot/
Stack Trace:
#0 /var/www/html/workbench/mijoe/cake/lib/Cake/Routing/Dispatcher.php(191): Controller->invokeAction(Object(CakeRequest))
#1 /var/www/html/workbench/mijoe/cake/lib/Cake/Routing/Dispatcher.php(165): Dispatcher->_invoke(Object(AppController), Object(CakeRequest))
#2 /var/www/html/workbench/mijoe/cake/app/webroot/index.php(108): Dispatcher->dispatch(Object(CakeRequest), Object(CakeResponse))
#3 {main}
2014-07-16 09:07:18 Error: Fatal Error (1): Call to a member function find() on a non-object in [/var/www/html/workbench/mijoe/cake/app/Controller/PostsController.php, line 9]
2014-07-16 09:07:18 Error: [FatalErrorException] Call to a member function find() on a non-object
Request URL: /workbench/mijoe/cake/Posts
Stack Trace:
#0 /var/www/html/workbench/mijoe/cake/lib/Cake/Error/ErrorHandler.php(204): ErrorHandler::handleFatalError(1, 'Call to a membe...', '/var/www/html/w...', 9)
#1 [internal function]: ErrorHandler::handleError(1, 'Call to a membe...', '/var/www/html/w...', 9, Array)
#2 /var/www/html/workbench/mijoe/cake/lib/Cake/Core/App.php(929): call_user_func('ErrorHandler::h...', 1, 'Call to a membe...', '/var/www/html/w...', 9, Array)
#3 /var/www/html/workbench/mijoe/cake/lib/Cake/Core/App.php(902): App::_checkFatalError()
#4 [internal function]: App::shutdown()
#5 {main}
2014-07-16 09:08:09 Error: Fatal Error (4): syntax error, unexpected end of file in [/var/www/html/workbench/mijoe/cake/app/View/Posts/index.ctp, line 22]
2014-07-16 09:08:09 Error: [FatalErrorException] syntax error, unexpected end of file
Request URL: /workbench/mijoe/cake/Posts
Stack Trace:
#0 /var/www/html/workbench/mijoe/cake/lib/Cake/Error/ErrorHandler.php(204): ErrorHandler::handleFatalError(4, 'syntax error, u...', '/var/www/html/w...', 22)
#1 [internal function]: ErrorHandler::handleError(4, 'syntax error, u...', '/var/www/html/w...', 22, Array)
#2 /var/www/html/workbench/mijoe/cake/lib/Cake/Core/App.php(929): call_user_func('ErrorHandler::h...', 4, 'syntax error, u...', '/var/www/html/w...', 22, Array)
#3 /var/www/html/workbench/mijoe/cake/lib/Cake/Core/App.php(902): App::_checkFatalError()
#4 [internal function]: App::shutdown()
#5 {main}
2014-07-16 09:16:14 Error: [MissingActionException] Action PostsController::view() could not be found.
Exception Attributes: array (
  'controller' => 'PostsController',
  'action' => 'view',
)
Request URL: /workbench/mijoe/cake/posts/view/1
Stack Trace:
#0 /var/www/html/workbench/mijoe/cake/lib/Cake/Routing/Dispatcher.php(191): Controller->invokeAction(Object(CakeRequest))
#1 /var/www/html/workbench/mijoe/cake/lib/Cake/Routing/Dispatcher.php(165): Dispatcher->_invoke(Object(PostsController), Object(CakeRequest))
#2 /var/www/html/workbench/mijoe/cake/app/webroot/index.php(108): Dispatcher->dispatch(Object(CakeRequest), Object(CakeResponse))
#3 {main}
2014-07-16 09:42:48 Error: Fatal Error (1): Call to undefined function __e() in [/var/www/html/workbench/mijoe/cake/app/Controller/PostsController.php, line 22]
2014-07-16 09:42:48 Error: [FatalErrorException] Call to undefined function __e()
Request URL: /workbench/mijoe/cake/posts/view/11
Stack Trace:
#0 /var/www/html/workbench/mijoe/cake/lib/Cake/Error/ErrorHandler.php(204): ErrorHandler::handleFatalError(1, 'Call to undefin...', '/var/www/html/w...', 22)
#1 [internal function]: ErrorHandler::handleError(1, 'Call to undefin...', '/var/www/html/w...', 22, Array)
#2 /var/www/html/workbench/mijoe/cake/lib/Cake/Core/App.php(929): call_user_func('ErrorHandler::h...', 1, 'Call to undefin...', '/var/www/html/w...', 22, Array)
#3 /var/www/html/workbench/mijoe/cake/lib/Cake/Core/App.php(902): App::_checkFatalError()
#4 [internal function]: App::shutdown()
#5 {main}
2014-07-16 10:05:20 Error: Fatal Error (1): Call to a member function find() on a non-object in [/var/www/html/workbench/mijoe/cake/app/Controller/PostsController.php, line 10]
2014-07-16 10:05:20 Error: [FatalErrorException] Call to a member function find() on a non-object
Request URL: /workbench/mijoe/cake/Posts
Stack Trace:
#0 /var/www/html/workbench/mijoe/cake/lib/Cake/Error/ErrorHandler.php(204): ErrorHandler::handleFatalError(1, 'Call to a membe...', '/var/www/html/w...', 10)
#1 [internal function]: ErrorHandler::handleError(1, 'Call to a membe...', '/var/www/html/w...', 10, Array)
#2 /var/www/html/workbench/mijoe/cake/lib/Cake/Core/App.php(929): call_user_func('ErrorHandler::h...', 1, 'Call to a membe...', '/var/www/html/w...', 10, Array)
#3 /var/www/html/workbench/mijoe/cake/lib/Cake/Core/App.php(902): App::_checkFatalError()
#4 [internal function]: App::shutdown()
#5 {main}
2014-07-17 07:35:39 Error: [NotFoundException] Error Processing Request
Request URL: /workbench/mijoe/cake/Posts/edit/id:1
Stack Trace:
#0 [internal function]: PostsController->edit()
#1 /var/www/html/workbench/mijoe/cake/lib/Cake/Controller/Controller.php(490): ReflectionMethod->invokeArgs(Object(PostsController), Array)
#2 /var/www/html/workbench/mijoe/cake/lib/Cake/Routing/Dispatcher.php(191): Controller->invokeAction(Object(CakeRequest))
#3 /var/www/html/workbench/mijoe/cake/lib/Cake/Routing/Dispatcher.php(165): Dispatcher->_invoke(Object(PostsController), Object(CakeRequest))
#4 /var/www/html/workbench/mijoe/cake/app/webroot/index.php(108): Dispatcher->dispatch(Object(CakeRequest), Object(CakeResponse))
#5 {main}
2014-07-17 07:35:53 Error: [MissingHelperException] Helper class FromHelper could not be found.
Exception Attributes: array (
  'class' => 'FromHelper',
  'plugin' => false,
)
Request URL: /workbench/mijoe/cake/Posts/edit/1
Stack Trace:
#0 /var/www/html/workbench/mijoe/cake/lib/Cake/View/HelperCollection.php(63): HelperCollection->load('From')
#1 /var/www/html/workbench/mijoe/cake/lib/Cake/View/View.php(837): HelperCollection->__isset('From')
#2 /var/www/html/workbench/mijoe/cake/app/View/Posts/edit.ctp(4): View->__get('From')
#3 /var/www/html/workbench/mijoe/cake/lib/Cake/View/View.php(948): include('/var/www/html/w...')
#4 /var/www/html/workbench/mijoe/cake/lib/Cake/View/View.php(910): View->_evaluate('/var/www/html/w...', Array)
#5 /var/www/html/workbench/mijoe/cake/lib/Cake/View/View.php(471): View->_render('/var/www/html/w...')
#6 /var/www/html/workbench/mijoe/cake/lib/Cake/Controller/Controller.php(954): View->render(NULL, NULL)
#7 /var/www/html/workbench/mijoe/cake/lib/Cake/Routing/Dispatcher.php(198): Controller->render()
#8 /var/www/html/workbench/mijoe/cake/lib/Cake/Routing/Dispatcher.php(165): Dispatcher->_invoke(Object(PostsController), Object(CakeRequest))
#9 /var/www/html/workbench/mijoe/cake/app/webroot/index.php(108): Dispatcher->dispatch(Object(CakeRequest), Object(CakeResponse))
#10 {main}
2014-07-17 07:37:58 Error: [NotFoundException] Error Processing Request
Request URL: /workbench/mijoe/cake/Posts/edit/id:1
Stack Trace:
#0 [internal function]: PostsController->edit()
#1 /var/www/html/workbench/mijoe/cake/lib/Cake/Controller/Controller.php(490): ReflectionMethod->invokeArgs(Object(PostsController), Array)
#2 /var/www/html/workbench/mijoe/cake/lib/Cake/Routing/Dispatcher.php(191): Controller->invokeAction(Object(CakeRequest))
#3 /var/www/html/workbench/mijoe/cake/lib/Cake/Routing/Dispatcher.php(165): Dispatcher->_invoke(Object(PostsController), Object(CakeRequest))
#4 /var/www/html/workbench/mijoe/cake/app/webroot/index.php(108): Dispatcher->dispatch(Object(CakeRequest), Object(CakeResponse))
#5 {main}
2014-07-17 07:38:07 Error: [MissingHelperException] Helper class FromHelper could not be found.
Exception Attributes: array (
  'class' => 'FromHelper',
  'plugin' => false,
)
Request URL: /workbench/mijoe/cake/Posts/edit/1
Stack Trace:
#0 /var/www/html/workbench/mijoe/cake/lib/Cake/View/HelperCollection.php(63): HelperCollection->load('From')
#1 /var/www/html/workbench/mijoe/cake/lib/Cake/View/View.php(837): HelperCollection->__isset('From')
#2 /var/www/html/workbench/mijoe/cake/app/View/Posts/edit.ctp(4): View->__get('From')
#3 /var/www/html/workbench/mijoe/cake/lib/Cake/View/View.php(948): include('/var/www/html/w...')
#4 /var/www/html/workbench/mijoe/cake/lib/Cake/View/View.php(910): View->_evaluate('/var/www/html/w...', Array)
#5 /var/www/html/workbench/mijoe/cake/lib/Cake/View/View.php(471): View->_render('/var/www/html/w...')
#6 /var/www/html/workbench/mijoe/cake/lib/Cake/Controller/Controller.php(954): View->render(NULL, NULL)
#7 /var/www/html/workbench/mijoe/cake/lib/Cake/Routing/Dispatcher.php(198): Controller->render()
#8 /var/www/html/workbench/mijoe/cake/lib/Cake/Routing/Dispatcher.php(165): Dispatcher->_invoke(Object(PostsController), Object(CakeRequest))
#9 /var/www/html/workbench/mijoe/cake/app/webroot/index.php(108): Dispatcher->dispatch(Object(CakeRequest), Object(CakeResponse))
#10 {main}
